#
# There is insufficient memory for the Java Runtime Environment to continue.
# Native memory allocation (mmap) failed to map 266338304 bytes for G1 virtual space
# Possible reasons:
#   The system is out of physical RAM or swap space
#   The process is running with CompressedOops enabled, and the Java Heap may be blocking the growth of the native heap
# Possible solutions:
#   Reduce memory load on the system
#   Increase physical memory or swap space
#   Check if swap backing store is full
#   Decrease Java heap size (-Xmx/-Xms)
#   Decrease number of Java threads
#   Decrease Java thread stack sizes (-Xss)
#   Set larger code cache with -XX:ReservedCodeCacheSize=
#   JVM is running with Zero Based Compressed Oops mode in which the Java heap is
#     placed in the first 32GB address space. The Java Heap base address is the
#     maximum limit for the native heap growth. Please use -XX:HeapBaseMinAddress
#     to set the Java Heap base and to place the Java Heap above 32GB virtual address.
# This output file may be truncated or incomplete.
#
#  Out of Memory Error (os_windows.cpp:3527), pid=13456, tid=12024
#
# JRE version:  (19.0.1+10) (build )
# Java VM: Java HotSpot(TM) 64-Bit Server VM (19.0.1+10-21, mixed mode, emulated-client, sharing, tiered, compressed oops, compressed class ptrs, g1 gc, windows-amd64)
# No core dump will be written. Minidumps are not enabled by default on client versions of Windows
#

---------------  S U M M A R Y ------------

Command Line: -XX:TieredStopAtLevel=1 -Dspring.output.ansi.enabled=always -Dcom.sun.management.jmxremote -Dspring.jmx.enabled=true -Dspring.liveBeansView.mbeanDomain -Dspring.application.admin.enabled=true -Dmanagement.endpoints.jmx.exposure.include=* -javaagent:D:\IntelliJ IDEA 2023.1.2 Ultimate\lib\idea_rt.jar=56308:D:\IntelliJ IDEA 2023.1.2 Ultimate\bin -Dfile.encoding=UTF-8 -Dsun.stdout.encoding=UTF-8 -Dsun.stderr.encoding=UTF-8 com.electro.ElectroApplication

Host: Intel(R) Core(TM) i5-10210U CPU @ 1.60GHz, 8 cores, 15G,  Windows 11 , 64 bit Build 22621 (10.0.22621.3085)
Time: Wed Mar  6 16:12:25 2024 SE Asia Standard Time elapsed time: 0.023630 seconds (0d 0h 0m 0s)

---------------  T H R E A D  ---------------

Current thread (0x0000012afee7c820):  JavaThread "Unknown thread" [_thread_in_vm, id=12024, stack(0x0000000c67d00000,0x0000000c67e00000)]

Stack: [0x0000000c67d00000,0x0000000c67e00000]
Native frames: (J=compiled Java code, j=interpreted, Vv=VM code, C=native code)
V  [jvm.dll+0x6ee8fa]
V  [jvm.dll+0x857a1e]
V  [jvm.dll+0x85940e]
V  [jvm.dll+0x859ac3]
V  [jvm.dll+0x28291f]
V  [jvm.dll+0x6eb6e9]
V  [jvm.dll+0x6e028a]
V  [jvm.dll+0x357136]
V  [jvm.dll+0x35eb96]
V  [jvm.dll+0x3b555e]
V  [jvm.dll+0x3b578f]
V  [jvm.dll+0x32c6ea]
V  [jvm.dll+0x32d59e]
V  [jvm.dll+0x821b20]
V  [jvm.dll+0x3c27c1]
V  [jvm.dll+0x8022f1]
V  [jvm.dll+0x44b30f]
V  [jvm.dll+0x44cc91]
C  [jli.dll+0x5287]
C  [ucrtbase.dll+0x29363]
C  [KERNEL32.DLL+0x1257d]
C  [ntdll.dll+0x5aa58]


---------------  P R O C E S S  ---------------

Threads class SMR info:
_java_thread_list=0x00007ff94a6ed048, length=0, elements={
}

Java Threads: ( => current thread )

Other Threads:
  0x0000012afeeee130 WorkerThread "GC Thread#0" [stack: 0x0000000c67e00000,0x0000000c67f00000] [id=27468]
  0x0000012afed7df20 ConcurrentGCThread "G1 Main Marker" [stack: 0x0000000c67f00000,0x0000000c68000000] [id=3236]
  0x0000012afed7e950 WorkerThread "G1 Conc#0" [stack: 0x0000000c68000000,0x0000000c68100000] [id=16596]

[error occurred during error reporting (printing all threads), id 0xc0000005, EXCEPTION_ACCESS_VIOLATION (0xc0000005) at pc=0x00007ff949ead127]

VM state: not at safepoint (not fully initialized)

VM Mutex/Monitor currently owned by a thread:  ([mutex/lock_event])
[0x0000012afee77420] Heap_lock - owner thread: 0x0000012afee7c820

Heap address: 0x0000000702600000, size: 4058 MB, Compressed Oops mode: Zero based, Oop shift amount: 3

CDS archive(s) mapped at: [0x0000000000000000-0x0000000000000000-0x0000000000000000), size 0, SharedBaseAddress: 0x0000000800000000, ArchiveRelocationMode: 0.
Narrow klass base: 0x0000000000000000, Narrow klass shift: 0, Narrow klass range: 0x0

GC Precious Log:
 CardTable entry size: 512
 Card Set container configuration: InlinePtr #cards 4 size 8 Array Of Cards #cards 16 size 48 Howl #buckets 8 coarsen threshold 3686 Howl Bitmap #cards 512 size 80 coarsen threshold 460 Card regions per heap region 1 cards per card region 4096

Heap:
 garbage-first heap   total 0K, used 0K [0x0000000702600000, 0x0000000800000000)
  region size 2048K, 0 young (0K), 0 survivors (0K)

[error occurred during error reporting (printing heap information), id 0xc0000005, EXCEPTION_ACCESS_VIOLATION (0xc0000005) at pc=0x00007ff94a2b6959]

GC Heap History (0 events):
No events

Dll operation events (1 events):
Event: 0.017 Loaded shared library C:\Program Files\Java\jdk-19\bin\java.dll

Deoptimization events (0 events):
No events

Classes loaded (0 events):
No events

Classes unloaded (0 events):
No events

Classes redefined (0 events):
No events

Internal exceptions (0 events):
No events

VM Operations (0 events):
No events

Events (0 events):
No events


Dynamic libraries:
0x00007ff6884d0000 - 0x00007ff6884e0000 	C:\Program Files\Java\jdk-19\bin\java.exe
0x00007ff993650000 - 0x00007ff993867000 	C:\WINDOWS\SYSTEM32\ntdll.dll
0x00007ff991cd0000 - 0x00007ff991d94000 	C:\WINDOWS\System32\KERNEL32.DLL
0x00007ff990990000 - 0x00007ff990d36000 	C:\WINDOWS\System32\KERNELBASE.dll
0x00007ff990d40000 - 0x00007ff990e51000 	C:\WINDOWS\System32\ucrtbase.dll
0x00007ff98d8b0000 - 0x00007ff98d8c8000 	C:\Program Files\Java\jdk-19\bin\jli.dll
0x00007ff98a4d0000 - 0x00007ff98a4eb000 	C:\Program Files\Java\jdk-19\bin\VCRUNTIME140.dll
0x00007ff992e20000 - 0x00007ff992ed3000 	C:\WINDOWS\System32\ADVAPI32.dll
0x00007ff992270000 - 0x00007ff992317000 	C:\WINDOWS\System32\msvcrt.dll
0x00007ff993270000 - 0x00007ff993318000 	C:\WINDOWS\System32\sechost.dll
0x00007ff991040000 - 0x00007ff991068000 	C:\WINDOWS\System32\bcrypt.dll
0x00007ff992ef0000 - 0x00007ff993007000 	C:\WINDOWS\System32\RPCRT4.dll
0x00007ff993320000 - 0x00007ff9934ce000 	C:\WINDOWS\System32\USER32.dll
0x00007ff991070000 - 0x00007ff991096000 	C:\WINDOWS\System32\win32u.dll
0x00007ff9764e0000 - 0x00007ff976773000 	C:\WINDOWS\WinSxS\amd64_microsoft.windows.common-controls_6595b64144ccf1df_6.0.22621.2506_none_270c5ae97388e100\COMCTL32.dll
0x00007ff9934d0000 - 0x00007ff9934f9000 	C:\WINDOWS\System32\GDI32.dll
0x00007ff991110000 - 0x00007ff991228000 	C:\WINDOWS\System32\gdi32full.dll
0x00007ff990fa0000 - 0x00007ff99103a000 	C:\WINDOWS\System32\msvcp_win.dll
0x00007ff986a10000 - 0x00007ff986a1a000 	C:\WINDOWS\SYSTEM32\VERSION.dll
0x00007ff991560000 - 0x00007ff991591000 	C:\WINDOWS\System32\IMM32.DLL
0x00007ff98d8a0000 - 0x00007ff98d8ac000 	C:\Program Files\Java\jdk-19\bin\vcruntime140_1.dll
0x00007ff96f010000 - 0x00007ff96f09e000 	C:\Program Files\Java\jdk-19\bin\msvcp140.dll
0x00007ff949b70000 - 0x00007ff94a830000 	C:\Program Files\Java\jdk-19\bin\server\jvm.dll
0x00007ff978a60000 - 0x00007ff978a69000 	C:\WINDOWS\SYSTEM32\WSOCK32.dll
0x00007ff989820000 - 0x00007ff989854000 	C:\WINDOWS\SYSTEM32\WINMM.dll
0x00007ff991780000 - 0x00007ff9917f1000 	C:\WINDOWS\System32\WS2_32.dll
0x00007ff98fa80000 - 0x00007ff98fa98000 	C:\WINDOWS\SYSTEM32\kernel.appcore.dll
0x00007ff98b960000 - 0x00007ff98b96a000 	C:\Program Files\Java\jdk-19\bin\jimage.dll
0x00007ff98e2d0000 - 0x00007ff98e503000 	C:\WINDOWS\SYSTEM32\DBGHELP.DLL
0x00007ff991820000 - 0x00007ff991ba9000 	C:\WINDOWS\System32\combase.dll
0x00007ff9924e0000 - 0x00007ff9925b7000 	C:\WINDOWS\System32\OLEAUT32.dll
0x00007ff981020000 - 0x00007ff981052000 	C:\WINDOWS\SYSTEM32\dbgcore.DLL
0x00007ff990e60000 - 0x00007ff990eda000 	C:\WINDOWS\System32\bcryptPrimitives.dll
0x00007ff98ad50000 - 0x00007ff98ad5e000 	C:\Program Files\Java\jdk-19\bin\instrument.dll
0x00007ff97ed40000 - 0x00007ff97ed66000 	C:\Program Files\Java\jdk-19\bin\java.dll

dbghelp: loaded successfully - version: 4.0.5 - missing functions: none
symbol engine: initialized successfully - sym options: 0x614 - pdb path: .;C:\Program Files\Java\jdk-19\bin;C:\WINDOWS\SYSTEM32;C:\WINDOWS\WinSxS\amd64_microsoft.windows.common-controls_6595b64144ccf1df_6.0.22621.2506_none_270c5ae97388e100;C:\Program Files\Java\jdk-19\bin\server

VM Arguments:
jvm_args: -XX:TieredStopAtLevel=1 -Dspring.output.ansi.enabled=always -Dcom.sun.management.jmxremote -Dspring.jmx.enabled=true -Dspring.liveBeansView.mbeanDomain -Dspring.application.admin.enabled=true -Dmanagement.endpoints.jmx.exposure.include=* -javaagent:D:\IntelliJ IDEA 2023.1.2 Ultimate\lib\idea_rt.jar=56308:D:\IntelliJ IDEA 2023.1.2 Ultimate\bin -Dfile.encoding=UTF-8 -Dsun.stdout.encoding=UTF-8 -Dsun.stderr.encoding=UTF-8 
java_command: com.electro.ElectroApplication
java_class_path (initial): D:\my-projects\electro\electro-server\target\classes;C:\Users\d0763\.m2\repository\org\springframework\boot\spring-boot-starter-data-jpa\2.6.7\spring-boot-starter-data-jpa-2.6.7.jar;C:\Users\d0763\.m2\repository\org\springframework\boot\spring-boot-starter-aop\2.6.7\spring-boot-starter-aop-2.6.7.jar;C:\Users\d0763\.m2\repository\org\aspectj\aspectjweaver\1.9.7\aspectjweaver-1.9.7.jar;C:\Users\d0763\.m2\repository\org\springframework\boot\spring-boot-starter-jdbc\2.6.7\spring-boot-starter-jdbc-2.6.7.jar;C:\Users\d0763\.m2\repository\com\zaxxer\HikariCP\4.0.3\HikariCP-4.0.3.jar;C:\Users\d0763\.m2\repository\org\springframework\spring-jdbc\5.3.19\spring-jdbc-5.3.19.jar;C:\Users\d0763\.m2\repository\jakarta\transaction\jakarta.transaction-api\1.3.3\jakarta.transaction-api-1.3.3.jar;C:\Users\d0763\.m2\repository\jakarta\persistence\jakarta.persistence-api\2.2.3\jakarta.persistence-api-2.2.3.jar;C:\Users\d0763\.m2\repository\org\hibernate\hibernate-core\5.6.8.Final\hibernate-core-5.6.8.Final.jar;C:\Users\d0763\.m2\repository\org\jboss\logging\jboss-logging\3.4.3.Final\jboss-logging-3.4.3.Final.jar;C:\Users\d0763\.m2\repository\net\bytebuddy\byte-buddy\1.11.22\byte-buddy-1.11.22.jar;C:\Users\d0763\.m2\repository\antlr\antlr\2.7.7\antlr-2.7.7.jar;C:\Users\d0763\.m2\repository\org\jboss\jandex\2.4.2.Final\jandex-2.4.2.Final.jar;C:\Users\d0763\.m2\repository\com\fasterxml\classmate\1.5.1\classmate-1.5.1.jar;C:\Users\d0763\.m2\repository\org\hibernate\common\hibernate-commons-annotations\5.1.2.Final\hibernate-commons-annotations-5.1.2.Final.jar;C:\Users\d0763\.m2\repository\org\glassfish\jaxb\jaxb-runtime\2.3.6\jaxb-runtime-2.3.6.jar;C:\Users\d0763\.m2\repository\org\glassfish\jaxb\txw2\2.3.6\txw2-2.3.6.jar;C:\Users\d0763\.m2\repository\com\sun\istack\istack-commons-runtime\3.0.12\istack-commons-runtime-3.0.12.jar;C:\Users\d0763\.m2\repository\org\springframework\data\spring-data-jpa\2.6.4\spring-data-jpa-2.6.4.jar;C:\Users\d0763\.m2\repository\org\springframework\data\spring-data-commons\2.6.4\spring-data-commons-2.6.4.jar;C:\Users\d0763\.m2\repository\org\springframework\spring-orm\5.3.19\spring-orm-5.3.19.jar;C:\Users\d0763\.m2\repository\org\springframework\spring-context\5.3.19\spring-context-5.3.19.jar;C:\Users\d0763\.m2\repository\org\springframework\spring-tx\5.3.19\spring-tx-5.3.19.jar;C:\Users\d0763\.m2\repository\org\springframework\spring-beans\5.3.19\spring-beans-5.3.19.jar;C:\Users\d0763\.m2\repository\org\springframework\spring-aspects\5.3.19\spring-aspects-5.3.19.jar;C:\Users\d0763\.m2\repository\org\springframework\boot\spring-boot-starter-validation\2.6.7\spring-boot-starter-validation-2.6.7.jar;C:\Users\d0763\.m2\repository\org\springframework\boot\spring-boot-starter\2.6.7\spring-boot-starter-2.6.7.jar;C:\Users\d0763\.m2\repository\org\springframework\boot\spring-boot-starter-logging\2.6.7\spring-boot-starter-logging-2.6.7.jar;C:\Users\d0763\.m2\repository\ch\qos\logback\logback-classic\1.2.11\logback-classic-1.2.11.jar;C:\Users\d0763\.m2\repository\ch\qos\logback\logback-core\1.2.11\logback-core-1.2.11.jar;C:\Users\d0763\.m2\repository\org\apache\logging\log4j\log4j-to-slf4j\2.17.2\log4j-to-slf4j-2.17.2.jar;C:\Users\d0763\.m2\repository\org\apache\logging\log4j\log4j-api\2.17.2\log4j-api-2.17.2.jar;C:\Users\d0763\.m2\repository\org\slf4j\jul-to-slf4j\1.7.36\jul-to-slf4j-1.7.36.jar;C:\Users\d0763\.m2\repository\jakarta\annotation\jakarta.annotation-api\1.3.5\jakarta.annotation-api-1.3.5.jar;C:\Users\d0763\.m2\repository\org\yaml\snakeyaml\1.29\snakeyaml-1.29.jar;C:\Users\d0763\.m2\repository\org\apache\tomcat\embed\tomcat-embed-el\9.0.62\tomcat-embed-el-9.0.62.jar;C:\Users\d0763\.m2\repository\org\hibernate\validator\hibernate-validator\6.2.3.Final\hibernate-validator-6.2.3.Final.jar;C:\Users\d0763\.m2\repository\jakarta\validation\jakarta.validation-api\2.0.2\jakarta.validation-api-2.0.2.jar;C:\Users\d0763\.m2\repository\org\springframework\boot\spring-boot-starter-web\2.6.7\spring-boot-starter-web-2.6.7.jar;C:\Users\d0763\.m2\repository\org\springframework\boot\spring-boot-starter-json\2.6.7\spring-boot-starter-json-2.6.7.jar;C:\Users\d0763\.m2\repository\com\fasterxml\jackson\datatype\jackson-datatype-jdk8\2.13.2\jackson-datatype-jdk8-2.13.2.jar;C:\Users\d0763\.m2\repository\com\fasterxml\jackson\datatype\jackson-datatype-jsr310\2.13.2\jackson-datatype-jsr310-2.13.2.jar;C:\Users\d0763\.m2\repository\com\fasterxml\jackson\module\jackson-module-parameter-names\2.13.2\jackson-module-parameter-names-2.13.2.jar;C:\Users\d0763\.m2\repository\org\springframework\boot\spring-boot-starter-tomcat\2.6.7\spring-boot-starter-tomcat-2.6.7.jar;C:\Users\d0763\.m2\repository\org\apache\tomcat\embed\tomcat-embed-core\9.0.62\tomcat-embed-core-9.0.62.jar;C:\Users\d0763\.m2\repository\org\apache\tomcat\embed\tomcat-embed-websocket\9.0.62\tomcat-embed-websocket-9.0.62.jar;C:\Users\d0763\.m2\repository\org\springframework\spring-web\5.3.19\spring-web-5.3.19.jar;C:\Users\d0763\.m2\repository\org\springframework\spring-webmvc\5.3.19\spring-webmvc-5.3.19.jar;C:\Users\d0763\.m2\repository\org\springframework\spring-expression\5.3.19\spring-expression-5.3.19.jar;C:\Users\d0763\.m2\repository\org\springframework\boot\spring-boot-starter-actuator\2.6.7\spring-boot-starter-actuator-2.6.7.jar;C:\Users\d0763\.m2\repository\org\springframework\boot\spring-boot-actuator-autoconfigure\2.6.7\spring-boot-actuator-autoconfigure-2.6.7.jar;C:\Users\d0763\.m2\repository\org\springframework\boot\spring-boot-actuator\2.6.7\spring-boot-actuator-2.6.7.jar;C:\Users\d0763\.m2\repository\io\micrometer\micrometer-core\1.8.5\micrometer-core-1.8.5.jar;C:\Users\d0763\.m2\repository\org\hdrhistogram\HdrHistogram\2.1.12\HdrHistogram-2.1.12.jar;C:\Users\d0763\.m2\repository\org\latencyutils\LatencyUtils\2.0.3\LatencyUtils-2.0.3.jar;C:\Users\d0763\.m2\repository\org\springframework\boot\spring-boot-starter-webflux\2.6.7\spring-boot-starter-webflux-2.6.7.jar;C:\Users\d0763\.m2\repository\org\springframework\boot\spring-boot-starter-reactor-netty\2.6.7\spring-boot-starter-reactor-netty-2.6.7.jar;C:\Users\d0763\.m2\repository\io\projectreactor\netty\reactor-netty-http\1.0.18\reactor-netty-http-1.0.18.jar;C:\Users\d0763\.m2\repository\io\netty\netty-codec-http\4.1.76.Final\netty-codec-http-4.1.76.Final.jar;C:\Users\d0763\.m2\repository\io\netty\netty-common\4.1.76.Final\netty-common-4.1.76.Final.jar;C:\Users\d0763\.m2\repository\io\netty\netty-buffer\4.1.76.Final\netty-buffer-4.1.76.Final.jar;C:\Users\d0763\.m2\repository\io\netty\netty-transport\4.1.76.Final\netty-transport-4.1.76.Final.jar;C:\Users\d0763\.m2\repository\io\netty\netty-codec\4.1.76.Final\netty-codec-4.1.76.Final.jar;C:\Users\d0763\.m2\repository\io\netty\netty-handler\4.1.76.Final\netty-handler-4.1.76.Final.jar;C:\Users\d0763\.m2\repository\io\netty\netty-codec-http2\4.1.76.Final\netty-codec-http2-4.1.76.Final.jar;C:\Users\d0763\.m2\repository\io\netty\netty-resolver-dns\4.1.76.Final\netty-resolver-dns-4.1.76.Final.jar;C:\Users\d0763\.m2\repository\io\netty\netty-resolver\4.1.76.Final\netty-resolver-4.1.76.Final.jar;C:\Users\d0763\.m2\repository\io\netty\netty-codec-dns\4.1.76.Final\netty-codec-dns-4.1.76.Final.jar;C:\Users\d0763\.m2\repository\io\netty\netty-resolver-dns-native-macos\4.1.76.Final\netty-resolver-dns-native-macos-4.1.76.Final-osx-x86_64.jar;C:\Users\d0763\.m2\repository\io\netty\netty-resolver-dns-classes-macos\4.1.76.Final\netty-resolver-dns-classes-macos-4.1.76.Final.jar;C:\Users\d0763\.m2\repository\io\netty\netty-transport-native-epoll\4.1.76.Final\netty-transport-native-epoll-4.1.76.Final-linux-x86_64.jar;C:\Users\d0763\.m2\repository\io\netty\netty-transport-native-unix-common\4.1.76.Final\netty-transport-native-unix-common-4.1.76.Final.jar;C:\Users\d0763\.m2\repository\io\netty\netty-transport-classes-epoll\4.1.76.Final\netty-transport-classes-epoll-4.1.76.Final.jar;C:\Users\d0763\.m2\repository\io\projectreactor\netty\reactor-netty-core\1.0.18\reactor-netty-core-1.0.18.jar;C:\Users\d0763\.m2\repository\io\netty\netty-handler-proxy\4.1.76.Final\netty-handler-proxy-4.1.76.Final.jar;C:\Users\d0763\.m2\repository\io\netty\netty-codec-socks\4.1.76.Final\netty-codec-socks-4.1.76.Final.jar;C:\Users\d0763\.m2\repository\org\springframework\spring-webflux\5.3.19\spring-webflux-5.3.19.jar;C:\Users\d0763\.m2\repository\io\projectreactor\reactor-core\3.4.17\reactor-core-3.4.17.jar;C:\Users\d0763\.m2\repository\org\reactivestreams\reactive-streams\1.0.3\reactive-streams-1.0.3.jar;C:\Users\d0763\.m2\repository\org\springframework\boot\spring-boot-devtools\2.6.7\spring-boot-devtools-2.6.7.jar;C:\Users\d0763\.m2\repository\org\springframework\boot\spring-boot\2.6.7\spring-boot-2.6.7.jar;C:\Users\d0763\.m2\repository\org\springframework\boot\spring-boot-autoconfigure\2.6.7\spring-boot-autoconfigure-2.6.7.jar;C:\Users\d0763\.m2\repository\mysql\mysql-connector-java\8.0.28\mysql-connector-java-8.0.28.jar;C:\Users\d0763\.m2\repository\org\projectlombok\lombok\1.18.24\lombok-1.18.24.jar;C:\Users\d0763\.m2\repository\org\projectlombok\lombok-mapstruct-binding\0.2.0\lombok-mapstruct-binding-0.2.0.jar;C:\Users\d0763\.m2\repository\jakarta\xml\bind\jakarta.xml.bind-api\2.3.3\jakarta.xml.bind-api-2.3.3.jar;C:\Users\d0763\.m2\repository\jakarta\activation\jakarta.activation-api\1.2.2\jakarta.activation-api-1.2.2.jar;C:\Users\d0763\.m2\repository\org\springframework\spring-core\5.3.19\spring-core-5.3.19.jar;C:\Users\d0763\.m2\repository\org\springframework\spring-jcl\5.3.19\spring-jcl-5.3.19.jar;C:\Users\d0763\.m2\repository\org\springframework\boot\spring-boot-starter-security\2.6.7\spring-boot-starter-security-2.6.7.jar;C:\Users\d0763\.m2\repository\org\springframework\spring-aop\5.3.19\spring-aop-5.3.19.jar;C:\Users\d0763\.m2\repository\org\springframework\security\spring-security-config\5.6.3\spring-security-config-5.6.3.jar;C:\Users\d0763\.m2\repository\org\springframework\security\spring-security-web\5.6.3\spring-security-web-5.6.3.jar;C:\Users\d0763\.m2\repository\org\springframework\security\spring-security-core\5.6.3\spring-security-core-5.6.3.jar;C:\Users\d0763\.m2\repository\org\springframework\security\spring-security-crypto\5.6.3\spring-security-crypto-5.6.3.jar;C:\Users\d0763\.m2\repository\io\jsonwebtoken\jjwt\0.9.1\jjwt-0.9.1.jar;C:\Users\d0763\.m2\repository\com\fasterxml\jackson\core\jackson-databind\2.13.2.1\jackson-databind-2.13.2.1.jar;C:\Users\d0763\.m2\repository\com\fasterxml\jackson\core\jackson-annotations\2.13.2\jackson-annotations-2.13.2.jar;C:\Users\d0763\.m2\repository\org\mapstruct\mapstruct\1.4.2.Final\mapstruct-1.4.2.Final.jar;C:\Users\d0763\.m2\repository\org\mapstruct\mapstruct-processor\1.4.2.Final\mapstruct-processor-1.4.2.Final.jar;C:\Users\d0763\.m2\repository\io\github\perplexhub\rsql-jpa-spring-boot-starter\5.0.19\rsql-jpa-spring-boot-starter-5.0.19.jar;C:\Users\d0763\.m2\repository\io\github\perplexhub\rsql-jpa\5.0.19\rsql-jpa-5.0.19.jar;C:\Users\d0763\.m2\repository\io\github\perplexhub\rsql-common\5.0.19\rsql-common-5.0.19.jar;C:\Users\d0763\.m2\repository\org\reflections\reflections\0.9.12\reflections-0.9.12.jar;C:\Users\d0763\.m2\repository\org\javassist\javassist\3.26.0-GA\javassist-3.26.0-GA.jar;C:\Users\d0763\.m2\repository\cz\jirutka\rsql\rsql-parser\2.1.0\rsql-parser-2.1.0.jar;C:\Users\d0763\.m2\repository\org\springdoc\springdoc-openapi-ui\1.6.8\springdoc-openapi-ui-1.6.8.jar;C:\Users\d0763\.m2\repository\org\springdoc\springdoc-openapi-webmvc-core\1.6.8\springdoc-openapi-webmvc-core-1.6.8.jar;C:\Users\d0763\.m2\repository\org\springdoc\springdoc-openapi-common\1.6.8\springdoc-openapi-common-1.6.8.jar;C:\Users\d0763\.m2\repository\io\swagger\core\v3\swagger-core\2.2.0\swagger-core-2.2.0.jar;C:\Users\d0763\.m2\repository\org\apache\commons\commons-lang3\3.12.0\commons-lang3-3.12.0.jar;C:\Users\d0763\.m2\repository\com\fasterxml\jackson\dataformat\jackson-dataformat-yaml\2.13.2\jackson-dataformat-yaml-2.13.2.jar;C:\Users\d0763\.m2\repository\io\swagger\core\v3\swagger-annotations\2.2.0\swagger-annotations-2.2.0.jar;C:\Users\d0763\.m2\repository\io\swagger\core\v3\swagger-models\2.2.0\swagger-models-2.2.0.jar;C:\Users\d0763\.m2\repository\org\webjars\swagger-ui\4.10.3\swagger-ui-4.10.3.jar;C:\Users\d0763\.m2\repository\io\github\classgraph\classgraph\4.8.143\classgraph-4.8.143.jar;C:\Users\d0763\.m2\repository\org\springdoc\springdoc-openapi-webflux-ui\1.6.8\springdoc-openapi-webflux-ui-1.6.8.jar;C:\Users\d0763\.m2\repository\org\springdoc\springdoc-openapi-webflux-core\1.6.8\springdoc-openapi-webflux-core-1.6.8.jar;C:\Users\d0763\.m2\repository\org\springframework\boot\spring-boot-starter-websocket\2.6.7\spring-boot-starter-websocket-2.6.7.jar;C:\Users\d0763\.m2\repository\org\springframework\spring-messaging\5.3.19\spring-messaging-5.3.19.jar;C:\Users\d0763\.m2\repository\org\springframework\spring-websocket\5.3.19\spring-websocket-5.3.19.jar;C:\Users\d0763\.m2\repository\org\webjars\webjars-locator-core\0.48\webjars-locator-core-0.48.jar;C:\Users\d0763\.m2\repository\org\slf4j\slf4j-api\1.7.36\slf4j-api-1.7.36.jar;C:\Users\d0763\.m2\repository\com\fasterxml\jackson\core\jackson-core\2.13.2\jackson-core-2.13.2.jar;C:\Users\d0763\.m2\repository\org\webjars\sockjs-client\1.0.2\sockjs-client-1.0.2.jar;C:\Users\d0763\.m2\repository\org\webjars\stomp-websocket\2.3.3\stomp-websocket-2.3.3.jar;C:\Users\d0763\.m2\repository\org\springframework\boot\spring-boot-starter-mail\2.6.7\spring-boot-starter-mail-2.6.7.jar;C:\Users\d0763\.m2\repository\org\springframework\spring-context-support\5.3.19\spring-context-support-5.3.19.jar;C:\Users\d0763\.m2\repository\com\sun\mail\jakarta.mail\1.6.7\jakarta.mail-1.6.7.jar;C:\Users\d0763\.m2\repository\com\sun\activation\jakarta.activation\1.2.2\jakarta.activation-1.2.2.jar;C:\Users\d0763\.m2\repository\org\springframework\boot\spring-boot-starter-freemarker\2.6.7\spring-boot-starter-freemarker-2.6.7.jar;C:\Users\d0763\.m2\repository\org\freemarker\freemarker\2.3.31\freemarker-2.3.31.jar
Launcher Type: SUN_STANDARD

[Global flags]
     intx CICompilerCount                          = 4                                         {product} {ergonomic}
     uint ConcGCThreads                            = 2                                         {product} {ergonomic}
     uint G1ConcRefinementThreads                  = 8                                         {product} {ergonomic}
   size_t G1HeapRegionSize                         = 2097152                                   {product} {ergonomic}
    uintx GCDrainStackTargetSize                   = 64                                        {product} {ergonomic}
   size_t InitialHeapSize                          = 266338304                                 {product} {ergonomic}
     bool ManagementServer                         = true                                      {product} {command line}
   size_t MarkStackSize                            = 4194304                                   {product} {ergonomic}
   size_t MaxHeapSize                              = 4255121408                                {product} {ergonomic}
   size_t MinHeapDeltaBytes                        = 2097152                                   {product} {ergonomic}
   size_t MinHeapSize                              = 8388608                                   {product} {ergonomic}
    uintx NonProfiledCodeHeapSize                  = 0                                      {pd product} {ergonomic}
     bool ProfileInterpreter                       = false                                  {pd product} {command line}
    uintx ProfiledCodeHeapSize                     = 0                                      {pd product} {ergonomic}
   size_t SoftMaxHeapSize                          = 4255121408                             {manageable} {ergonomic}
     intx TieredStopAtLevel                        = 1                                         {product} {command line}
     bool UseCompressedClassPointers               = true                           {product lp64_product} {ergonomic}
     bool UseCompressedOops                        = true                           {product lp64_product} {ergonomic}
     bool UseG1GC                                  = true                                      {product} {ergonomic}
     bool UseLargePagesIndividualAllocation        = false                                  {pd product} {ergonomic}

Logging:
Log output configuration:
 #0: stdout all=warning uptime,level,tags foldmultilines=false
 #1: stderr all=off uptime,level,tags foldmultilines=false

Environment Variables:
JAVA_HOME=C:\Program Files\Java\jdk-19
PATH=D:\VMware\bin\;C:\Program Files\Common Files\Oracle\Java\javapath;C:\WINDOWS\system32;C:\WINDOWS;C:\WINDOWS\System32\Wbem;C:\WINDOWS\System32\WindowsPowerShell\v1.0\;C:\WINDOWS\System32\OpenSSH\;C:\Program Files\Git\cmd;C:\Program Files\Microsoft SQL Server\Client SDK\ODBC\170\Tools\Binn\;C:\Program Files (x86)\Microsoft SQL Server\150\Tools\Binn\;C:\Program Files\Microsoft SQL Server\150\Tools\Binn\;C:\Program Files\Microsoft SQL Server\150\DTS\Binn\;C:\Program Files\Java\apache-maven-3.8.6\bin;C:\Program Files (x86)\Microsoft SQL Server\150\DTS\Binn\;C:\Program Files\Azure Data Studio\bin;C:\Program Files\Java\apache-maven-3.8.6\bin;C:\Program Files\Microsoft SQL Server\130\Tools\Binn\;C:\Program Files\dotnet\;D:\nodejs\;C:\Program Files\Docker\Docker\resources\bin;D:\miniconda3;D:\miniconda3\Library\mingw-w64\bin;D:\miniconda3\Library\usr\bin;D:\miniconda3\Library\bin;D:\miniconda3\Scripts;C:\Users\d0763\AppData\Local\Programs\Python\Python312\Scripts\;C:\Users\d0763\AppData\Local\Programs\Python\Python312\;C:\Program Files\MySQL\MySQL Shell 8.0\bin\;C:\Users\d0763\AppData\Local\Microsoft\WindowsApps;C:\Users\d0763\AppData\Local\Programs\Microsoft VS Code\bin;C:\Program Files\Azure Data Studio\bin;C:\Users\d0763\.dotnet\tools;C:\Users\d0763\AppData\Roaming\npm;C:\Program Files (x86)\Dev-Cpp\MinGW64\bin
USERNAME=d0763
OS=Windows_NT
PROCESSOR_IDENTIFIER=Intel64 Family 6 Model 142 Stepping 12, GenuineIntel
TMP=C:\Users\d0763\AppData\Local\Temp
TEMP=C:\Users\d0763\AppData\Local\Temp



---------------  S Y S T E M  ---------------

OS:
 Windows 11 , 64 bit Build 22621 (10.0.22621.3085)
OS uptime: 6 days 8:07 hours
Hyper-V role detected

CPU: total 8 (initial active 8) (4 cores per cpu, 2 threads per core) family 6 model 142 stepping 12 microcode 0xf8, cx8, cmov, fxsr, ht, mmx, 3dnowpref, sse, sse2, sse3, ssse3, sse4.1, sse4.2, popcnt, lzcnt, tsc, tscinvbit, avx, avx2, aes, erms, clmul, bmi1, bmi2, adx, fma, vzeroupper, clflush, clflushopt, hv, rdtscp

Memory: 4k page, system-wide physical 16231M (736M free)
TotalPageFile size 31207M (AvailPageFile size 128M)
current process WorkingSet (physical memory assigned to process): 11M, peak: 11M
current process commit charge ("private bytes"): 55M, peak: 309M

vm_info: Java HotSpot(TM) 64-Bit Server VM (19.0.1+10-21) for windows-amd64 JRE (19.0.1+10-21), built on 2022-09-14T12:45:06Z by "mach5one" with MS VC++ 17.1 (VS2022)

END.
